[LOG] System::create                           : Header version = 2.00.08. Current version = 2.00.08.
[LOG] Manager::init                            : maxchannels = 256 studioflags = 00000006 flags 00000000 extradriverdata 0000000000000000.
[LOG] SystemI::init                            : Initialize version=20008 (108014), maxchannels=256, flags=0x00020000
[LOG] SystemI::setOutputInternal               : Setting output to 'FMOD WASAPI Output'
[LOG] OutputWASAPI::init                       : Mix Format (WAVEFORMATEX): wFormatTag=0xFFFE, nChannels=2, nSamplesPerSec=48000, nAvgBytesPerSec=384000, nBlockAlign=8, wBitsPerSample=32, cbSize=22.
[LOG] OutputWASAPI::init                       : Mix Format (WAVEFORMATEXTENSIBLE): wValidBitsPerSample=32, dwChannelMask=0x00000003, SubFormat=00000003-0000-0010-8000-00AA00389B71.
[LOG] OutputWASAPI::init                       : Output buffer size: 4096 samples, latency: 0.00ms, period: 10.00ms, DSP buffer: 1024 * 4
[LOG] Thread::initThread                       : Init FMOD stream thread. Priority: 2, Stack Size: 98304, Semaphore: No, Sleep Time: 10, Looping: Yes.
[LOG] Thread::initThread                       : Init FMOD mixer thread. Priority: 3, Stack Size: 81920, Semaphore: No, Sleep Time: 0, Looping: Yes.
[LOG] AsyncManager::init                       : manager 0000021D7A6DA508 isAsync 0 updatePeriod 0.02
[LOG] AsyncManager::init                       : done
[LOG] PlaybackSystem::init                     : 
[LOG] Thread::initThread                       : Init FMOD Studio sample load thread. Priority: 0, Stack Size: 98304, Semaphore: No, Sleep Time: 1, Looping: No.
[LOG] PlaybackSystem::init                     : done
[LOG] Thread::initThread                       : Init FMOD Studio bank load thread. Priority: 0, Stack Size: 98304, Semaphore: No, Sleep Time: 1, Looping: No.
[LOG] Manager::init                            : done.
[LOG] Manager::readBank                        : fileversion = 125, compatVersion = 119 (oldest = 44, newest = 125)
[LOG] Manager::readBank                        : fileversion = 125, compatVersion = 119 (oldest = 44, newest = 125)
[LOG] Manager::readBank                        : fileversion = 125, compatVersion = 119 (oldest = 44, newest = 125)
[LOG] PlaybackSystem::acquireMasterBus         : Setting master channel group format to 6
[LOG] SystemI::createSound                     : filename = FMOD\Build\Desktop/Master.bank : mode 02010082
[LOG] SystemI::createSound                     : FMOD_NONBLOCKING specified.  Putting into queue to be opened asynchronously!
[LOG] Thread::initThread                       : Init FMOD nonblocking thread (0). Priority: 1, Stack Size: 114688, Semaphore: Yes, Sleep Time: 0, Looping: Yes.
[LOG] SystemI::createSound                     : setdata soundi = 0000021D79D95DE8 : node = 0000021D315763E0
[LOG] SystemI::createSound                     : add node to async list : head = 0000021D383FBCB8.  list count = 0
[LOG] AsyncThread::threadFunc                  : Starting Asynchronous operation on sound 0000021D79D95DE8
[LOG] SystemI::createSoundInternal             :     Create name='FMOD\Build\Desktop/Master.bank', mode=0x02010082
[LOG] SystemI::createSoundInternal             :     exinfo->cbsize             = 224
[LOG] SystemI::createSoundInternal             :     exinfo->length             = 3242560
[LOG] SystemI::createSoundInternal             :     exinfo->fileoffset         = 33920
[LOG] SystemI::createSoundInternal             :     exinfo->numsubsounds       = 1
[LOG] SystemI::createSoundInternal             :     exinfo->inclusionlist      = 0000021D315764F0
[LOG] SystemI::createSoundInternal             :     exinfo->inclusionlistnum   = 1
[LOG] SystemI::createSoundInternal             :     exinfo->suggestedsoundtype = 5
[LOG] SystemI::createSoundInternal             :     exinfo->initialseekpostype = 1
[LOG] SystemI::createSoundInternal             :     Stream 0/1: name='Rain', format=2, channels=2, frequency=48000, lengthbytes=707104, lengthpcm=2898518, pcmblocksize=0, loopstart=0, loopend=0, mode=0x00000000, channelmask=0x00000000, channelorder=0, peakvolume=0.117858.
[LOG] Thread::initThread                       :     Init FMOD file thread. Priority: 1, Stack Size: 49152, Semaphore: No, Sleep Time: 10, Looping: Yes.
[LOG] AsyncThread::threadFunc                  : Finished Asynchronous operation on sound 0000021D79D95DE8
[LOG] SoundI::getSubSound                      : sound 0000021D79D95DE8.  Subsound index 0 / 1
[LOG] SystemI::createSound                     : filename = FMOD\Build\Desktop/Master.bank : mode 02010082
[LOG] SystemI::createSound                     : FMOD_NONBLOCKING specified.  Putting into queue to be opened asynchronously!
[LOG] SystemI::createSound                     : setdata soundi = 0000021D79D96B68 : node = 0000021D2F82A7B0
[LOG] SystemI::createSound                     : add node to async list : head = 0000021D383FBCB8.  list count = 0
[LOG] AsyncThread::threadFunc                  : Starting Asynchronous operation on sound 0000021D79D96B68
[LOG] SystemI::createSoundInternal             :     Create name='FMOD\Build\Desktop/Master.bank', mode=0x02010082
[LOG] SystemI::createSoundInternal             :     exinfo->cbsize             = 224
[LOG] SystemI::createSoundInternal             :     exinfo->length             = 3242560
[LOG] SystemI::createSoundInternal             :     exinfo->fileoffset         = 33920
[LOG] SystemI::createSoundInternal             :     exinfo->numsubsounds       = 1
[LOG] SystemI::createSoundInternal             :     exinfo->inclusionlist      = 0000021D2F82A8C0
[LOG] SystemI::createSoundInternal             :     exinfo->inclusionlistnum   = 1
[LOG] SystemI::createSoundInternal             :     exinfo->suggestedsoundtype = 5
[LOG] SystemI::createSoundInternal             :     exinfo->initialseekpostype = 1
[LOG] SystemI::createSoundInternal             :     Stream 0/1: name='Ring', format=2, channels=2, frequency=48000, lengthbytes=335808, lengthpcm=1299017, pcmblocksize=0, loopstart=0, loopend=0, mode=0x00000000, channelmask=0x00000000, channelorder=0, peakvolume=0.387451.
[LOG] AsyncThread::threadFunc                  : Finished Asynchronous operation on sound 0000021D79D96B68
[LOG] SoundI::getSubSound                      : sound 0000021D79D96B68.  Subsound index 0 / 1
[LOG] SystemI::createSound                     : filename = FMOD\Build\Desktop/Master.bank : mode 02010082
[LOG] SystemI::createSound                     : FMOD_NONBLOCKING specified.  Putting into queue to be opened asynchronously!
[LOG] SystemI::createSound                     : setdata soundi = 0000021D79D95C38 : node = 0000021D31576660
[LOG] SystemI::createSound                     : add node to async list : head = 0000021D383FBCB8.  list count = 0
[LOG] AsyncThread::threadFunc                  : Starting Asynchronous operation on sound 0000021D79D95C38
[LOG] SystemI::createSoundInternal             :     Create name='FMOD\Build\Desktop/Master.bank', mode=0x02010082
[LOG] SystemI::createSoundInternal             :     exinfo->cbsize             = 224
[LOG] SystemI::createSoundInternal             :     exinfo->length             = 3242560
[LOG] SystemI::createSoundInternal             :     exinfo->fileoffset         = 33920
[LOG] SystemI::createSoundInternal             :     exinfo->numsubsounds       = 1
[LOG] SystemI::createSoundInternal             :     exinfo->inclusionlist      = 0000021D31576770
[LOG] SystemI::createSoundInternal             :     exinfo->inclusionlistnum   = 1
[LOG] SystemI::createSoundInternal             :     exinfo->suggestedsoundtype = 5
[LOG] SystemI::createSoundInternal             :     exinfo->initialseekpostype = 1
[LOG] SystemI::createSoundInternal             :     Stream 0/1: name='Ring', format=2, channels=2, frequency=48000, lengthbytes=335808, lengthpcm=1299017, pcmblocksize=0, loopstart=0, loopend=0, mode=0x00000000, channelmask=0x00000000, channelorder=0, peakvolume=0.387451.
[LOG] AsyncThread::threadFunc                  : Finished Asynchronous operation on sound 0000021D79D95C38
[LOG] SoundI::getSubSound                      : sound 0000021D79D95C38.  Subsound index 0 / 1
[LOG] SoundI::release                          : Ring (0000021D79D96B68)
[LOG] SoundI::release                          :     Ring (0000021D3858B188)
[LOG] SoundI::release                          :     Ring (0000021D79D969B8)
[LOG] SystemI::createSound                     : filename = FMOD\Build\Desktop/Master.bank : mode 02010082
[LOG] SystemI::createSound                     : FMOD_NONBLOCKING specified.  Putting into queue to be opened asynchronously!
[LOG] SystemI::createSound                     : setdata soundi = 0000021D79D95068 : node = 0000021D31576160
[LOG] SystemI::createSound                     : add node to async list : head = 0000021D383FBCB8.  list count = 0
[LOG] AsyncThread::threadFunc                  : Starting Asynchronous operation on sound 0000021D79D95068
[LOG] SystemI::createSoundInternal             :     Create name='FMOD\Build\Desktop/Master.bank', mode=0x02010082
[LOG] SystemI::createSoundInternal             :     exinfo->cbsize             = 224
[LOG] SystemI::createSoundInternal             :     exinfo->length             = 3242560
[LOG] SystemI::createSoundInternal             :     exinfo->fileoffset         = 33920
[LOG] SystemI::createSoundInternal             :     exinfo->numsubsounds       = 1
[LOG] SystemI::createSoundInternal             :     exinfo->inclusionlist      = 0000021D31576270
[LOG] SystemI::createSoundInternal             :     exinfo->inclusionlistnum   = 1
[LOG] SystemI::createSoundInternal             :     exinfo->suggestedsoundtype = 5
[LOG] SystemI::createSoundInternal             :     exinfo->initialseekpostype = 1
[LOG] SystemI::createSoundInternal             :     Stream 0/1: name='Thunder 6', format=2, channels=2, frequency=48000, lengthbytes=194752, lengthpcm=779755, pcmblocksize=0, loopstart=0, loopend=0, mode=0x00000000, channelmask=0x00000000, channelorder=0, peakvolume=0.538573.
[LOG] AsyncThread::threadFunc                  : Finished Asynchronous operation on sound 0000021D79D95068
[LOG] SoundI::getSubSound                      : sound 0000021D79D95068.  Subsound index 0 / 1
[LOG] SystemI::createSound                     : filename = FMOD\Build\Desktop/Master.bank : mode 02010082
[LOG] SystemI::createSound                     : FMOD_NONBLOCKING specified.  Putting into queue to be opened asynchronously!
[LOG] SystemI::createSound                     : setdata soundi = 0000021D79D96B68 : node = 0000021D2F82A7B0
[LOG] SystemI::createSound                     : add node to async list : head = 0000021D383FBCB8.  list count = 0
[LOG] AsyncThread::threadFunc                  : Starting Asynchronous operation on sound 0000021D79D96B68
[LOG] SystemI::createSoundInternal             :     Create name='FMOD\Build\Desktop/Master.bank', mode=0x02010082
[LOG] SystemI::createSoundInternal             :     exinfo->cbsize             = 224
[LOG] SystemI::createSoundInternal             :     exinfo->length             = 3242560
[LOG] SystemI::createSoundInternal             :     exinfo->fileoffset         = 33920
[LOG] SystemI::createSoundInternal             :     exinfo->numsubsounds       = 1
[LOG] SystemI::createSoundInternal             :     exinfo->inclusionlist      = 0000021D2F82A8C0
[LOG] SystemI::createSoundInternal             :     exinfo->inclusionlistnum   = 1
[LOG] SystemI::createSoundInternal             :     exinfo->suggestedsoundtype = 5
[LOG] SystemI::createSoundInternal             :     exinfo->initialseekpostype = 1
[LOG] SystemI::createSoundInternal             :     Stream 0/1: name='Ring', format=2, channels=2, frequency=48000, lengthbytes=335808, lengthpcm=1299017, pcmblocksize=0, loopstart=0, loopend=0, mode=0x00000000, channelmask=0x00000000, channelorder=0, peakvolume=0.387451.
[LOG] AsyncThread::threadFunc                  : Finished Asynchronous operation on sound 0000021D79D96B68
[LOG] SoundI::getSubSound                      : sound 0000021D79D96B68.  Subsound index 0 / 1
[LOG] SoundI::release                          : Ring (0000021D79D96B68)
[LOG] SoundI::release                          :     Ring (0000021D384C2E18)
[LOG] SoundI::release                          :     Ring (0000021D79D953C8)
[LOG] SoundI::release                          : Ring (0000021D79D95C38)
[LOG] SoundI::release                          :     Ring (0000021D38305BF8)
[LOG] SoundI::release                          :     Ring (0000021D79D95A88)
[LOG] SystemI::createSound                     : filename = FMOD\Build\Desktop/Master.bank : mode 02010082
[LOG] SystemI::createSound                     : FMOD_NONBLOCKING specified.  Putting into queue to be opened asynchronously!
[LOG] SystemI::createSound                     : setdata soundi = 0000021B20B246A8 : node = 0000021D31576020
[LOG] SystemI::createSound                     : add node to async list : head = 0000021D383FBCB8.  list count = 0
[LOG] AsyncThread::threadFunc                  : Starting Asynchronous operation on sound 0000021B20B246A8
[LOG] SystemI::createSoundInternal             :     Create name='FMOD\Build\Desktop/Master.bank', mode=0x02010082
[LOG] SystemI::createSoundInternal             :     exinfo->cbsize             = 224
[LOG] SystemI::createSoundInternal             :     exinfo->length             = 3242560
[LOG] SystemI::createSoundInternal             :     exinfo->fileoffset         = 33920
[LOG] SystemI::createSoundInternal             :     exinfo->numsubsounds       = 1
[LOG] SystemI::createSoundInternal             :     exinfo->inclusionlist      = 0000021D31576130
[LOG] SystemI::createSoundInternal             :     exinfo->inclusionlistnum   = 1
[LOG] SystemI::createSoundInternal             :     exinfo->suggestedsoundtype = 5
[LOG] SystemI::createSoundInternal             :     exinfo->initialseekpostype = 1
[LOG] SystemI::createSoundInternal             :     Stream 0/1: name='Thunder 2', format=2, channels=2, frequency=48000, lengthbytes=355808, lengthpcm=1580681, pcmblocksize=0, loopstart=0, loopend=0, mode=0x00000000, channelmask=0x00000000, channelorder=0, peakvolume=0.760187.
[LOG] AsyncThread::threadFunc                  : Finished Asynchronous operation on sound 0000021B20B246A8
[LOG] SoundI::getSubSound                      : sound 0000021B20B246A8.  Subsound index 0 / 1
[LOG] SoundI::release                          : Thunder 6 (0000021D79D95068)
[LOG] SoundI::release                          :     Thunder 6 (0000021D384C2C78)
[LOG] SoundI::release                          :     Thunder 6 (0000021D79D969B8)
[LOG] SoundI::release                          : Thunder 2 (0000021B20B246A8)
[LOG] SoundI::release                          :     Thunder 2 (0000021D3858B188)
[LOG] SoundI::release                          :     Thunder 2 (0000021B20B23C88)
[LOG] SoundI::release                          : Rain (0000021D79D95DE8)
[LOG] SoundI::release                          :     Rain (0000021D383FBD08)
[LOG] SoundI::release                          :     Rain (0000021D79D962F8)
[LOG] SystemI::createSound                     : filename = FMOD\Build\Desktop/Master.bank : mode 02010082
[LOG] SystemI::createSound                     : FMOD_NONBLOCKING specified.  Putting into queue to be opened asynchronously!
[LOG] SystemI::createSound                     : setdata soundi = 0000021B20B250C8 : node = 0000021D31576660
[LOG] SystemI::createSound                     : add node to async list : head = 0000021D383FBCB8.  list count = 0
[LOG] SystemI::createSound                     : filename = FMOD\Build\Desktop/Master.bank : mode 02010082
[LOG] AsyncThread::threadFunc                  : Starting Asynchronous operation on sound 0000021B20B250C8
[LOG] SystemI::createSound                     : FMOD_NONBLOCKING specified.  Putting into queue to be opened asynchronously!
[LOG] SystemI::createSoundInternal             :     Create name='FMOD\Build\Desktop/Master.bank', mode=0x02010082
[LOG] SystemI::createSound                     :     setdata soundi = 0000021B20B25278 : node = 0000021D31575DA0
[LOG] SystemI::createSoundInternal             :     exinfo->cbsize             = 224
[LOG] SystemI::createSoundInternal             :     exinfo->length             = 3242560
[LOG] SystemI::createSound                     :     add node to async list : head = 0000021D383FBCB8.  list count = 0
[LOG] SystemI::createSoundInternal             :     exinfo->fileoffset         = 33920
[LOG] SystemI::createSoundInternal             :     exinfo->numsubsounds       = 1
[LOG] SystemI::createSoundInternal             :     exinfo->inclusionlist      = 0000021D31576770
[LOG] SystemI::createSoundInternal             :     exinfo->inclusionlistnum   = 1
[LOG] SystemI::createSoundInternal             :     exinfo->suggestedsoundtype = 5
[LOG] SystemI::createSoundInternal             :     exinfo->initialseekpostype = 1
[LOG] SystemI::createSoundInternal             :     Stream 0/1: name='Elevator Move 2', format=2, channels=2, frequency=48000, lengthbytes=522048, lengthpcm=5575515, pcmblocksize=0, loopstart=0, loopend=0, mode=0x00000000, channelmask=0x00000000, channelorder=0, peakvolume=0.651560.
[LOG] AsyncThread::threadFunc                  : Finished Asynchronous operation on sound 0000021B20B250C8
[LOG] AsyncThread::threadFunc                  : Starting Asynchronous operation on sound 0000021B20B25278
[LOG] SystemI::createSoundInternal             :     Create name='FMOD\Build\Desktop/Master.bank', mode=0x02010082
[LOG] SystemI::createSoundInternal             :     exinfo->cbsize             = 224
[LOG] SystemI::createSoundInternal             :     exinfo->length             = 3242560
[LOG] SystemI::createSoundInternal             :     exinfo->fileoffset         = 33920
[LOG] SystemI::createSoundInternal             :     exinfo->numsubsounds       = 1
[LOG] SystemI::createSoundInternal             :     exinfo->inclusionlist      = 0000021D31575EB0
[LOG] SystemI::createSoundInternal             :     exinfo->inclusionlistnum   = 1
[LOG] SystemI::createSoundInternal             :     exinfo->suggestedsoundtype = 5
[LOG] SystemI::createSoundInternal             :     exinfo->initialseekpostype = 1
[LOG] SystemI::createSoundInternal             :     Stream 0/1: name='Elevator Move 1', format=2, channels=2, frequency=48000, lengthbytes=415520, lengthpcm=1743960, pcmblocksize=0, loopstart=0, loopend=0, mode=0x00000000, channelmask=0x00000000, channelorder=0, peakvolume=1.423788.
[LOG] AsyncThread::threadFunc                  : Finished Asynchronous operation on sound 0000021B20B25278
[LOG] SoundI::getSubSound                      : sound 0000021B20B250C8.  Subsound index 0 / 1
[LOG] SoundI::getSubSound                      : sound 0000021B20B25278.  Subsound index 0 / 1
[LOG] SoundI::release                          : Elevator Move 1 (0000021B20B25278)
[LOG] SoundI::release                          :     Elevator Move 1 (0000021D384C2C78)
[LOG] SoundI::release                          :     Elevator Move 1 (0000021B20B23FE8)
[LOG] SoundI::release                          : Elevator Move 2 (0000021B20B250C8)
[LOG] SoundI::release                          :     Elevator Move 2 (0000021D3858B188)
[LOG] SoundI::release                          :     Elevator Move 2 (0000021B20B25788)
[LOG] SoundI::release                          :  (0000021D2FA40C68)
[LOG] SoundI::release                          :     Thunder 3 (0000021D38DEAFE8)
[LOG] SoundI::release                          :  (0000021D2FA41228)
[LOG] SoundI::release                          :     Thunder 5 (0000021D38DEB328)
[LOG] SoundI::release                          :  (0000021D2FA40F48)
[LOG] SoundI::release                          :     Talk (0000021D38304058)
[LOG] SoundI::release                          :  (0000021D2FA40AF8)
[LOG] SoundI::release                          :     Elevator Open (0000021D38DE7088)
[LOG] SoundI::release                          :  (0000021DA4220E28)
[LOG] SoundI::release                          :     Elevator Ring (0000021D383024B8)
[LOG] SoundI::release                          :  (0000021D2FA40818)
[LOG] SoundI::release                          :     Elevator Close (0000021D38DEE248)
[LOG] SoundI::release                          :  (0000021D2FA41398)
[LOG] SoundI::release                          :     Click 1 (0000021D38DEE3E8)
[LOG] SoundI::release                          :  (0000021D2FA410B8)
[LOG] SoundI::release                          :     Click 2 (0000021D38DEDBC8)
[LOG] SoundI::release                          :  (0000021DA4220138)
[LOG] SoundI::release                          :     Click 3 (0000021D38305578)
[LOG] SoundI::release                          :  (0000021D2FA40DD8)
[LOG] SoundI::release                          :     Click 4 (0000021D383034F8)
[LOG] Thread::callback                         : FMOD Studio update thread finished.
[LOG] Thread::callback                         : FMOD Studio bank load thread finished.
[LOG] Thread::callback                         : FMOD Studio sample load thread finished.
[LOG] LiveUpdate::release                      : 
[LOG] LiveUpdate::reset                        : Reset connection (reason Disconnected)
[LOG] Thread::callback                         : FMOD stream thread finished.
[LOG] Thread::callback                         : FMOD mixer thread finished.
[LOG] SystemI::close                           : Closed.
[LOG] Thread::callback                         : FMOD Studio bank load thread finished.
[LOG] Thread::callback                         : FMOD Studio sample load thread finished.
[LOG] LiveUpdate::release                      : 
[LOG] LiveUpdate::reset                        : Reset connection (reason Disconnected)
[LOG] Thread::callback                         : FMOD stream thread finished.
[LOG] Thread::callback                         : FMOD mixer thread finished.
[LOG] Thread::callback                         : FMOD nonblocking thread (0) finished.
[LOG] Thread::callback                         : FMOD file thread finished.
[LOG] SystemI::close                           : Closed.
